{ level: 'info',
  message: 'Master 16188 is running',
  location: 'init',
  timestamp: '2019-12-08T00:00:17.702Z' }
{ level: 'info',
  message:
   'Worker 1404 started GraphQL server at http://localhost:4001/',
  location: 'app.listen',
  timestamp: '2019-12-08T00:00:28.512Z' }
{ level: 'info',
  message:
   'Worker 2728 started GraphQL server at http://localhost:4001/',
  location: 'app.listen',
  timestamp: '2019-12-08T00:00:28.557Z' }
{ level: 'info',
  message: 'express middleware',
  location: 'app.use',
  additionalData: { url: '/', method: 'POST' },
  timestamp: '2019-12-08T00:00:28.601Z' }
{ level: 'info',
  message:
   'Worker 13156 started GraphQL server at http://localhost:4001/',
  location: 'app.listen',
  timestamp: '2019-12-08T00:00:28.594Z' }
{ level: 'info',
  message:
   'Worker 7084 started GraphQL server at http://localhost:4001/',
  location: 'app.listen',
  timestamp: '2019-12-08T00:00:28.600Z' }
{ level: 'info',
  message:
   'Worker 16940 started GraphQL server at http://localhost:4001/',
  location: 'app.listen',
  timestamp: '2019-12-08T00:00:28.618Z' }
{ level: 'info',
  message:
   'Worker 16960 started GraphQL server at http://localhost:4001/',
  location: 'app.listen',
  timestamp: '2019-12-08T00:00:28.653Z' }
{ level: 'info',
  message:
   'Worker 2504 started GraphQL server at http://localhost:4001/',
  location: 'app.listen',
  timestamp: '2019-12-08T00:00:28.679Z' }
{ level: 'info',
  message:
   'Worker 4320 started GraphQL server at http://localhost:4001/',
  location: 'app.listen',
  timestamp: '2019-12-08T00:00:28.714Z' }
{ level: 'info',
  message: 'express middleware',
  location: 'app.use',
  additionalData: { url: '/', method: 'POST' },
  timestamp: '2019-12-08T00:00:30.752Z' }
{ level: 'info',
  message: 'express middleware',
  location: 'app.use',
  additionalData: { url: '/', method: 'POST' },
  timestamp: '2019-12-08T00:00:31.964Z' }
{ level: 'info',
  message: 'express middleware',
  location: 'app.use',
  additionalData: { url: '/', method: 'POST' },
  timestamp: '2019-12-08T00:00:32.810Z' }
{ level: 'info',
  message: 'express middleware',
  location: 'app.use',
  additionalData: { url: '/', method: 'POST' },
  timestamp: '2019-12-08T00:00:35.034Z' }
{ level: 'info',
  message: 'express middleware',
  location: 'app.use',
  additionalData: { url: '/', method: 'POST' },
  timestamp: '2019-12-08T00:00:37.083Z' }
{ level: 'info',
  message: 'express middleware',
  location: 'app.use',
  additionalData: { url: '/', method: 'POST' },
  timestamp: '2019-12-08T00:00:39.108Z' }
{ level: 'info',
  message: 'express middleware',
  location: 'app.use',
  additionalData: { url: '/', method: 'POST' },
  timestamp: '2019-12-08T00:00:41.135Z' }
{ level: 'info',
  message: 'cache miss',
  location: 'Edges.resolver',
  additionalData:
   { sort: [Object: null prototype] { startTime: 'ASC' },
     limit: 1,
     filter: {} },
  timestamp: '2019-12-08T00:00:36.292Z' }
{ level: 'info',
  message: 'cache miss',
  location: 'Edges.resolver',
  additionalData:
   { sort: [Object: null prototype] { startTime: 'DESC' },
     limit: 1,
     filter: {} },
  timestamp: '2019-12-08T00:00:41.515Z' }
{ level: 'info',
  message: 'express middleware',
  location: 'app.use',
  additionalData: { url: '/', method: 'POST' },
  timestamp: '2019-12-08T00:00:43.158Z' }
{ level: 'info',
  message: 'express middleware',
  location: 'app.use',
  additionalData: { url: '/', method: 'POST' },
  timestamp: '2019-12-08T00:00:45.180Z' }
{ level: 'info',
  message: 'express middleware',
  location: 'app.use',
  additionalData: { url: '/', method: 'POST' },
  timestamp: '2019-12-08T00:00:47.202Z' }
{ level: 'info',
  message: 'express middleware',
  location: 'app.use',
  additionalData: { url: '/', method: 'POST' },
  timestamp: '2019-12-08T00:00:49.230Z' }
{ level: 'info',
  message: 'express middleware',
  location: 'app.use',
  additionalData: { url: '/', method: 'POST' },
  timestamp: '2019-12-08T00:00:51.253Z' }
{ level: 'info',
  message: 'express middleware',
  location: 'app.use',
  additionalData: { url: '/', method: 'POST' },
  timestamp: '2019-12-08T00:00:53.280Z' }
{ level: 'info',
  message: 'express middleware',
  location: 'app.use',
  additionalData: { url: '/', method: 'POST' },
  timestamp: '2019-12-08T00:00:55.304Z' }
{ level: 'info',
  message: 'express middleware',
  location: 'app.use',
  additionalData: { url: '/', method: 'POST' },
  timestamp: '2019-12-08T00:00:57.328Z' }
{ level: 'info',
  message: 'express middleware',
  location: 'app.use',
  additionalData: { url: '/', method: 'POST' },
  timestamp: '2019-12-08T00:00:59.355Z' }
{ level: 'info',
  message: 'express middleware',
  location: 'app.use',
  additionalData: { url: '/', method: 'POST' },
  timestamp: '2019-12-08T00:01:01.431Z' }
{ level: 'info',
  message: 'express middleware',
  location: 'app.use',
  additionalData: { url: '/', method: 'POST' },
  timestamp: '2019-12-08T00:01:02.624Z' }
{ level: 'info',
  message: 'cache miss',
  location: 'Edges.resolver',
  additionalData:
   { sort: [Object: null prototype] { startTime: 'ASC' },
     limit: 1,
     filter: {} },
  timestamp: '2019-12-08T00:01:02.627Z' }
{ level: 'info',
  message: 'cache miss',
  location: 'Edges.resolver',
  additionalData:
   { sort: [Object: null prototype] { startTime: 'DESC' },
     limit: 1,
     filter: {} },
  timestamp: '2019-12-08T00:01:02.630Z' }
{ level: 'info',
  message: 'express middleware',
  location: 'app.use',
  additionalData: { url: '/', method: 'POST' },
  timestamp: '2019-12-08T00:01:03.494Z' }
{ level: 'info',
  message: 'express middleware',
  location: 'app.use',
  additionalData: { url: '/', method: 'POST' },
  timestamp: '2019-12-08T00:01:05.632Z' }
{ level: 'info',
  message: 'express middleware',
  location: 'app.use',
  additionalData: { url: '/', method: 'POST' },
  timestamp: '2019-12-08T00:01:07.678Z' }
{ level: 'info',
  message: 'express middleware',
  location: 'app.use',
  additionalData: { url: '/', method: 'POST' },
  timestamp: '2019-12-08T00:01:09.707Z' }
{ level: 'info',
  message: 'express middleware',
  location: 'app.use',
  additionalData: { url: '/', method: 'POST' },
  timestamp: '2019-12-08T00:01:11.733Z' }
{ level: 'info',
  message: 'express middleware',
  location: 'app.use',
  additionalData: { url: '/', method: 'POST' },
  timestamp: '2019-12-08T00:01:13.758Z' }
{ level: 'info',
  message: 'Master 16732 is running',
  location: 'init',
  timestamp: '2019-12-08T00:01:22.978Z' }
{ level: 'info',
  message: 'Master 12432 is running',
  location: 'init',
  timestamp: '2019-12-08T00:01:48.946Z' }
{ level: 'info',
  message:
   'Worker 6704 started GraphQL server at http://localhost:4001/',
  location: 'app.listen',
  timestamp: '2019-12-08T00:01:51.046Z' }
{ level: 'info',
  message: 'express middleware',
  location: 'app.use',
  additionalData: { url: '/', method: 'POST' },
  timestamp: '2019-12-08T00:01:51.252Z' }
{ level: 'info',
  message: 'express middleware',
  location: 'app.use',
  additionalData: { url: '/', method: 'POST' },
  timestamp: '2019-12-08T00:01:52.885Z' }
{ level: 'info',
  message: 'cache miss',
  location: 'Edges.resolver',
  additionalData:
   { sort: [Object: null prototype] { startTime: 'ASC' },
     limit: 1,
     filter: {} },
  timestamp: '2019-12-08T00:01:52.894Z' }
{ level: 'info',
  message: 'cache miss',
  location: 'Edges.resolver',
  additionalData:
   { sort: [Object: null prototype] { startTime: 'DESC' },
     limit: 1,
     filter: {} },
  timestamp: '2019-12-08T00:01:52.968Z' }
{ level: 'info',
  message: 'express middleware',
  location: 'app.use',
  additionalData: { url: '/', method: 'POST' },
  timestamp: '2019-12-08T00:01:53.362Z' }
{ level: 'info',
  message: 'express middleware',
  location: 'app.use',
  additionalData: { url: '/', method: 'POST' },
  timestamp: '2019-12-08T00:01:55.381Z' }
{ level: 'info',
  message: 'express middleware',
  location: 'app.use',
  additionalData: { url: '/', method: 'POST' },
  timestamp: '2019-12-08T00:01:57.401Z' }
{ level: 'info',
  message: 'express middleware',
  location: 'app.use',
  additionalData: { url: '/', method: 'POST' },
  timestamp: '2019-12-08T00:01:59.421Z' }
{ level: 'info',
  message: 'Master 11556 is running',
  location: 'init',
  timestamp: '2019-12-08T00:05:00.437Z' }
{ level: 'info',
  message:
   'Worker 7156 started GraphQL server at http://localhost:4001/',
  location: 'app.listen',
  timestamp: '2019-12-08T00:05:04.151Z' }
{ level: 'info',
  message: 'express middleware',
  location: 'app.use',
  additionalData: { url: '/', method: 'GET' },
  timestamp: '2019-12-08T00:05:08.249Z' }
{ level: 'info',
  message: 'express middleware',
  location: 'app.use',
  additionalData: { url: '/', method: 'POST' },
  timestamp: '2019-12-08T00:05:09.615Z' }
{ level: 'info',
  message: 'express middleware',
  location: 'app.use',
  additionalData: { url: '/', method: 'POST' },
  timestamp: '2019-12-08T00:05:09.777Z' }
{ level: 'info',
  message: 'express middleware',
  location: 'app.use',
  additionalData: { url: '/', method: 'POST' },
  timestamp: '2019-12-08T00:05:10.644Z' }
{ level: 'info',
  message: 'cache miss',
  location: 'Edges.resolver',
  additionalData:
   { sort: [Object: null prototype] { startTime: 'ASC' },
     limit: 1,
     filter: {} },
  timestamp: '2019-12-08T00:05:10.652Z' }
{ level: 'info',
  message: 'cache miss',
  location: 'Edges.resolver',
  additionalData:
   { sort: [Object: null prototype] { startTime: 'DESC' },
     limit: 1,
     filter: {} },
  timestamp: '2019-12-08T00:05:10.719Z' }
{ level: 'info',
  message: 'express middleware',
  location: 'app.use',
  additionalData: { url: '/', method: 'POST' },
  timestamp: '2019-12-08T00:05:11.785Z' }
{ level: 'info',
  message: 'express middleware',
  location: 'app.use',
  additionalData: { url: '/', method: 'POST' },
  timestamp: '2019-12-08T00:05:13.841Z' }
{ level: 'info',
  message: 'express middleware',
  location: 'app.use',
  additionalData: { url: '/', method: 'POST' },
  timestamp: '2019-12-08T00:05:15.882Z' }
{ level: 'info',
  message: 'express middleware',
  location: 'app.use',
  additionalData: { url: '/', method: 'POST' },
  timestamp: '2019-12-08T00:05:17.912Z' }
{ level: 'info',
  message: 'express middleware',
  location: 'app.use',
  additionalData: { url: '/', method: 'POST' },
  timestamp: '2019-12-08T00:05:19.962Z' }
{ level: 'info',
  message: 'express middleware',
  location: 'app.use',
  additionalData: { url: '/', method: 'POST' },
  timestamp: '2019-12-08T00:05:21.991Z' }
{ level: 'info',
  message: 'express middleware',
  location: 'app.use',
  additionalData: { url: '/', method: 'POST' },
  timestamp: '2019-12-08T00:05:24.036Z' }
{ level: 'info',
  message: 'express middleware',
  location: 'app.use',
  additionalData: { url: '/', method: 'POST' },
  timestamp: '2019-12-08T00:05:26.070Z' }
{ level: 'info',
  message: 'express middleware',
  location: 'app.use',
  additionalData: { url: '/', method: 'POST' },
  timestamp: '2019-12-08T00:05:28.106Z' }
{ level: 'info',
  message: 'express middleware',
  location: 'app.use',
  additionalData: { url: '/', method: 'POST' },
  timestamp: '2019-12-08T00:05:30.137Z' }
{ level: 'info',
  message: 'express middleware',
  location: 'app.use',
  additionalData: { url: '/', method: 'POST' },
  timestamp: '2019-12-08T00:05:32.169Z' }
{ level: 'info',
  message: 'express middleware',
  location: 'app.use',
  additionalData: { url: '/', method: 'POST' },
  timestamp: '2019-12-08T00:05:34.213Z' }
{ level: 'info',
  message: 'express middleware',
  location: 'app.use',
  additionalData: { url: '/', method: 'POST' },
  timestamp: '2019-12-08T00:05:36.243Z' }
{ level: 'info',
  message: 'express middleware',
  location: 'app.use',
  additionalData: { url: '/', method: 'POST' },
  timestamp: '2019-12-08T00:05:38.271Z' }
{ level: 'info',
  message: 'Master 17268 is running',
  location: 'init',
  timestamp: '2019-12-08T00:06:02.862Z' }
{ level: 'info',
  message:
   'Worker 10340 started GraphQL server at http://localhost:4001/',
  location: 'app.listen',
  timestamp: '2019-12-08T00:06:06.625Z' }
{ level: 'info',
  message: 'express middleware',
  location: 'app.use',
  additionalData: { url: '/', method: 'POST' },
  timestamp: '2019-12-08T00:06:14.435Z' }
{ level: 'info',
  message: 'cache miss',
  location: 'Edges.resolver',
  additionalData:
   { sort: [Object: null prototype] { startTime: 'ASC' },
     limit: 1,
     filter: {} },
  timestamp: '2019-12-08T00:06:14.516Z' }
{ level: 'info',
  message: 'cache miss',
  location: 'Edges.resolver',
  additionalData:
   { sort: [Object: null prototype] { startTime: 'DESC' },
     limit: 1,
     filter: {} },
  timestamp: '2019-12-08T00:06:14.578Z' }
{ level: 'info',
  message: 'Master 6948 is running',
  location: 'init',
  timestamp: '2019-12-08T00:07:01.814Z' }
{ level: 'info',
  message: 'Master 8220 is running',
  location: 'init',
  timestamp: '2019-12-08T00:07:47.768Z' }
{ level: 'info',
  message: 'Master 15656 is running',
  location: 'init',
  timestamp: '2019-12-08T00:08:08.313Z' }
{ level: 'info',
  message: 'Master 17028 is running',
  location: 'init',
  timestamp: '2019-12-08T00:08:30.924Z' }
{ level: 'info',
  message:
   'Worker 10220 started GraphQL server at http://localhost:4001/',
  location: 'app.listen',
  timestamp: '2019-12-08T00:08:34.832Z' }
{ level: 'info',
  message: 'express middleware',
  location: 'app.use',
  additionalData: { url: '/', method: 'GET' },
  timestamp: '2019-12-08T00:08:42.573Z' }
{ level: 'info',
  message: 'express middleware',
  location: 'app.use',
  additionalData: { url: '/', method: 'POST' },
  timestamp: '2019-12-08T00:08:43.880Z' }
{ level: 'info',
  message: 'express middleware',
  location: 'app.use',
  additionalData: { url: '/', method: 'POST' },
  timestamp: '2019-12-08T00:08:44.056Z' }
{ level: 'info',
  message: 'express middleware',
  location: 'app.use',
  additionalData: { url: '/', method: 'POST' },
  timestamp: '2019-12-08T00:08:44.631Z' }
{ level: 'info',
  message: 'cache miss',
  location: 'Edges.resolver',
  additionalData:
   { sort: [Object: null prototype] { startTime: 'ASC' },
     limit: 1,
     filter: {} },
  timestamp: '2019-12-08T00:08:44.640Z' }
{ level: 'info',
  message: 'cache miss',
  location: 'Edges.resolver',
  additionalData:
   { sort: [Object: null prototype] { startTime: 'DESC' },
     limit: 1,
     filter: {} },
  timestamp: '2019-12-08T00:08:44.723Z' }
{ level: 'info',
  message: 'express middleware',
  location: 'app.use',
  additionalData: { url: '/', method: 'POST' },
  timestamp: '2019-12-08T00:08:46.060Z' }
{ level: 'info',
  message: 'express middleware',
  location: 'app.use',
  additionalData: { url: '/', method: 'POST' },
  timestamp: '2019-12-08T00:08:48.115Z' }
{ level: 'info',
  message: 'express middleware',
  location: 'app.use',
  additionalData: { url: '/', method: 'POST' },
  timestamp: '2019-12-08T00:08:50.162Z' }
{ level: 'info',
  message: 'express middleware',
  location: 'app.use',
  additionalData: { url: '/', method: 'POST' },
  timestamp: '2019-12-08T00:08:52.194Z' }
{ level: 'info',
  message: 'express middleware',
  location: 'app.use',
  additionalData: { url: '/', method: 'POST' },
  timestamp: '2019-12-08T00:08:58.544Z' }
{ level: 'info',
  message: 'express middleware',
  location: 'app.use',
  additionalData: { url: '/', method: 'POST' },
  timestamp: '2019-12-08T00:08:58.558Z' }
{ level: 'info',
  message: 'express middleware',
  location: 'app.use',
  additionalData: { url: '/', method: 'POST' },
  timestamp: '2019-12-08T00:08:58.570Z' }
{ level: 'info',
  message: 'express middleware',
  location: 'app.use',
  additionalData: { url: '/', method: 'POST' },
  timestamp: '2019-12-08T00:09:00.654Z' }
{ level: 'info',
  message: 'express middleware',
  location: 'app.use',
  additionalData: { url: '/', method: 'POST' },
  timestamp: '2019-12-08T00:09:02.682Z' }
{ level: 'info',
  message: 'express middleware',
  location: 'app.use',
  additionalData: { url: '/', method: 'POST' },
  timestamp: '2019-12-08T00:09:27.507Z' }
{ level: 'info',
  message: 'Master 13744 is running',
  location: 'init',
  timestamp: '2019-12-08T00:10:20.456Z' }
{ level: 'info',
  message: 'Master 16468 is running',
  location: 'init',
  timestamp: '2019-12-08T00:10:57.166Z' }
{ level: 'info',
  message:
   'Worker 17076 started GraphQL server at http://localhost:4001/',
  location: 'app.listen',
  timestamp: '2019-12-08T00:11:01.057Z' }
{ level: 'info',
  message: 'express middleware',
  location: 'app.use',
  additionalData: { url: '/', method: 'POST' },
  timestamp: '2019-12-08T00:11:01.097Z' }
{ level: 'info',
  message: 'express middleware',
  location: 'app.use',
  additionalData: { url: '/', method: 'POST' },
  timestamp: '2019-12-08T00:11:22.899Z' }
{ level: 'info',
  message: 'cache miss',
  location: 'Edges.resolver',
  additionalData:
   { sort: [Object: null prototype] { startTime: 'ASC' },
     limit: 1,
     filter: {} },
  timestamp: '2019-12-08T00:11:28.104Z' }
{ level: 'info',
  message: 'cache miss',
  location: 'Edges.resolver',
  additionalData:
   { sort: [Object: null prototype] { startTime: 'DESC' },
     limit: 1,
     filter: {} },
  timestamp: '2019-12-08T00:11:30.313Z' }
{ level: 'info',
  message: 'express middleware',
  location: 'app.use',
  additionalData: { url: '/', method: 'POST' },
  timestamp: '2019-12-08T00:11:30.320Z' }
{ level: 'info',
  message: 'express middleware',
  location: 'app.use',
  additionalData: { url: '/', method: 'POST' },
  timestamp: '2019-12-08T00:11:30.342Z' }
{ level: 'info',
  message: 'express middleware',
  location: 'app.use',
  additionalData: { url: '/', method: 'POST' },
  timestamp: '2019-12-08T00:11:30.359Z' }
{ level: 'info',
  message: 'express middleware',
  location: 'app.use',
  additionalData: { url: '/', method: 'POST' },
  timestamp: '2019-12-08T00:11:30.373Z' }
{ level: 'info',
  message: 'express middleware',
  location: 'app.use',
  additionalData: { url: '/', method: 'POST' },
  timestamp: '2019-12-08T00:11:32.400Z' }
{ level: 'info',
  message: 'express middleware',
  location: 'app.use',
  additionalData: { url: '/', method: 'POST' },
  timestamp: '2019-12-08T00:11:34.433Z' }
{ level: 'info',
  message: 'express middleware',
  location: 'app.use',
  additionalData: { url: '/', method: 'POST' },
  timestamp: '2019-12-08T00:11:34.602Z' }
{ level: 'info',
  message: 'cache miss',
  location: 'Edges.resolver',
  additionalData:
   { sort: [Object: null prototype] { startTime: 'ASC' },
     limit: 1,
     filter: {} },
  timestamp: '2019-12-08T00:11:38.578Z' }
{ level: 'info',
  message: 'cache miss',
  location: 'Edges.resolver',
  additionalData:
   { sort: [Object: null prototype] { startTime: 'DESC' },
     limit: 1,
     filter: {} },
  timestamp: '2019-12-08T00:11:58.024Z' }
{ level: 'info',
  message: 'express middleware',
  location: 'app.use',
  additionalData: { url: '/', method: 'POST' },
  timestamp: '2019-12-08T00:11:59.051Z' }
{ level: 'info',
  message: 'express middleware',
  location: 'app.use',
  additionalData: { url: '/', method: 'POST' },
  timestamp: '2019-12-08T00:11:59.073Z' }
{ level: 'info',
  message: 'express middleware',
  location: 'app.use',
  additionalData: { url: '/', method: 'POST' },
  timestamp: '2019-12-08T00:11:59.087Z' }
{ level: 'info',
  message: 'express middleware',
  location: 'app.use',
  additionalData: { url: '/', method: 'POST' },
  timestamp: '2019-12-08T00:11:59.104Z' }
{ level: 'info',
  message: 'express middleware',
  location: 'app.use',
  additionalData: { url: '/', method: 'POST' },
  timestamp: '2019-12-08T00:11:59.118Z' }
{ level: 'info',
  message: 'express middleware',
  location: 'app.use',
  additionalData: { url: '/', method: 'POST' },
  timestamp: '2019-12-08T00:11:59.132Z' }
{ level: 'info',
  message: 'express middleware',
  location: 'app.use',
  additionalData: { url: '/', method: 'POST' },
  timestamp: '2019-12-08T00:11:59.145Z' }
{ level: 'info',
  message: 'express middleware',
  location: 'app.use',
  additionalData: { url: '/', method: 'POST' },
  timestamp: '2019-12-08T00:11:59.167Z' }
{ level: 'info',
  message: 'express middleware',
  location: 'app.use',
  additionalData: { url: '/', method: 'POST' },
  timestamp: '2019-12-08T00:11:59.181Z' }
{ level: 'info',
  message: 'express middleware',
  location: 'app.use',
  additionalData: { url: '/', method: 'POST' },
  timestamp: '2019-12-08T00:11:59.200Z' }
{ level: 'info',
  message: 'express middleware',
  location: 'app.use',
  additionalData: { url: '/', method: 'POST' },
  timestamp: '2019-12-08T00:11:59.213Z' }
{ level: 'info',
  message: 'express middleware',
  location: 'app.use',
  additionalData: { url: '/', method: 'POST' },
  timestamp: '2019-12-08T00:11:59.227Z' }
{ level: 'info',
  message: 'express middleware',
  location: 'app.use',
  additionalData: { url: '/', method: 'POST' },
  timestamp: '2019-12-08T00:12:01.274Z' }
{ level: 'info',
  message: 'express middleware',
  location: 'app.use',
  additionalData: { url: '/', method: 'POST' },
  timestamp: '2019-12-08T00:12:03.084Z' }
{ level: 'info',
  message: 'cache miss',
  location: 'Edges.resolver',
  additionalData:
   { sort: [Object: null prototype] { startTime: 'ASC' },
     limit: 1,
     filter: {} },
  timestamp: '2019-12-08T00:12:08.705Z' }
{ level: 'info',
  message: 'cache miss',
  location: 'Edges.resolver',
  additionalData:
   { sort: [Object: null prototype] { startTime: 'DESC' },
     limit: 1,
     filter: {} },
  timestamp: '2019-12-08T00:12:13.322Z' }
{ level: 'info',
  message: 'express middleware',
  location: 'app.use',
  additionalData: { url: '/', method: 'POST' },
  timestamp: '2019-12-08T00:12:15.947Z' }
{ level: 'info',
  message: 'express middleware',
  location: 'app.use',
  additionalData: { url: '/', method: 'POST' },
  timestamp: '2019-12-08T00:12:15.962Z' }
{ level: 'info',
  message: 'express middleware',
  location: 'app.use',
  additionalData: { url: '/', method: 'POST' },
  timestamp: '2019-12-08T00:12:15.976Z' }
{ level: 'info',
  message: 'express middleware',
  location: 'app.use',
  additionalData: { url: '/', method: 'POST' },
  timestamp: '2019-12-08T00:12:15.990Z' }
{ level: 'info',
  message: 'express middleware',
  location: 'app.use',
  additionalData: { url: '/', method: 'POST' },
  timestamp: '2019-12-08T00:12:16.002Z' }
{ level: 'info',
  message: 'express middleware',
  location: 'app.use',
  additionalData: { url: '/', method: 'POST' },
  timestamp: '2019-12-08T00:12:16.015Z' }
{ level: 'info',
  message: 'express middleware',
  location: 'app.use',
  additionalData: { url: '/', method: 'POST' },
  timestamp: '2019-12-08T00:12:16.028Z' }
{ level: 'info',
  message: 'express middleware',
  location: 'app.use',
  additionalData: { url: '/', method: 'POST' },
  timestamp: '2019-12-08T00:12:18.055Z' }
{ level: 'info',
  message: 'express middleware',
  location: 'app.use',
  additionalData: { url: '/', method: 'POST' },
  timestamp: '2019-12-08T00:12:20.079Z' }
{ level: 'info',
  message: 'express middleware',
  location: 'app.use',
  additionalData: { url: '/', method: 'POST' },
  timestamp: '2019-12-08T00:12:22.113Z' }
{ level: 'info',
  message: 'Master 5392 is running',
  location: 'init',
  timestamp: '2019-12-08T00:12:43.071Z' }
{ level: 'info',
  message: 'Master 6280 is running',
  location: 'init',
  timestamp: '2019-12-08T00:13:09.868Z' }
{ level: 'info',
  message:
   'Worker 5340 started GraphQL server at http://localhost:4001/',
  location: 'app.listen',
  timestamp: '2019-12-08T00:13:12.123Z' }
{ level: 'info',
  message: 'express middleware',
  location: 'app.use',
  additionalData: { url: '/', method: 'POST' },
  timestamp: '2019-12-08T00:13:13.600Z' }
{ level: 'info',
  message: 'express middleware',
  location: 'app.use',
  additionalData: { url: '/', method: 'POST' },
  timestamp: '2019-12-08T00:13:14.724Z' }
{ level: 'info',
  message: 'cache miss',
  location: 'Edges.resolver',
  additionalData:
   { sort: [Object: null prototype] { startTime: 'ASC' },
     limit: 1,
     filter: {} },
  timestamp: '2019-12-08T00:13:14.731Z' }
{ level: 'info',
  message: 'cache miss',
  location: 'Edges.resolver',
  additionalData:
   { sort: [Object: null prototype] { startTime: 'DESC' },
     limit: 1,
     filter: {} },
  timestamp: '2019-12-08T00:13:14.791Z' }
{ level: 'info',
  message: 'express middleware',
  location: 'app.use',
  additionalData: { url: '/', method: 'POST' },
  timestamp: '2019-12-08T00:13:15.705Z' }
{ level: 'info',
  message: 'express middleware',
  location: 'app.use',
  additionalData: { url: '/', method: 'POST' },
  timestamp: '2019-12-08T00:13:17.741Z' }
{ level: 'info',
  message: 'express middleware',
  location: 'app.use',
  additionalData: { url: '/', method: 'POST' },
  timestamp: '2019-12-08T00:13:19.741Z' }
{ level: 'info',
  message: 'cache miss',
  location: 'Edges.resolver',
  additionalData:
   { sort: [Object: null prototype] { startTime: 'ASC' },
     limit: 1,
     filter: {} },
  timestamp: '2019-12-08T00:13:19.743Z' }
{ level: 'info',
  message: 'cache miss',
  location: 'Edges.resolver',
  additionalData:
   { sort: [Object: null prototype] { startTime: 'DESC' },
     limit: 1,
     filter: {} },
  timestamp: '2019-12-08T00:13:19.744Z' }
{ level: 'info',
  message: 'express middleware',
  location: 'app.use',
  additionalData: { url: '/', method: 'POST' },
  timestamp: '2019-12-08T00:13:19.780Z' }
{ level: 'info',
  message: 'express middleware',
  location: 'app.use',
  additionalData: { url: '/', method: 'POST' },
  timestamp: '2019-12-08T00:13:21.813Z' }
{ level: 'info',
  message: 'express middleware',
  location: 'app.use',
  additionalData: { url: '/', method: 'POST' },
  timestamp: '2019-12-08T00:13:23.852Z' }
{ level: 'info',
  message: 'express middleware',
  location: 'app.use',
  additionalData: { url: '/', method: 'POST' },
  timestamp: '2019-12-08T00:13:25.885Z' }
{ level: 'info',
  message: 'express middleware',
  location: 'app.use',
  additionalData: { url: '/', method: 'POST' },
  timestamp: '2019-12-08T00:13:27.919Z' }
{ level: 'info',
  message: 'express middleware',
  location: 'app.use',
  additionalData: { url: '/', method: 'POST' },
  timestamp: '2019-12-08T00:13:29.946Z' }
{ level: 'info',
  message: 'express middleware',
  location: 'app.use',
  additionalData: { url: '/', method: 'POST' },
  timestamp: '2019-12-08T00:13:31.977Z' }
{ level: 'info',
  message: 'express middleware',
  location: 'app.use',
  additionalData: { url: '/', method: 'POST' },
  timestamp: '2019-12-08T00:13:34.019Z' }
{ level: 'info',
  message: 'express middleware',
  location: 'app.use',
  additionalData: { url: '/', method: 'POST' },
  timestamp: '2019-12-08T00:13:36.058Z' }
{ level: 'info',
  message: 'express middleware',
  location: 'app.use',
  additionalData: { url: '/', method: 'POST' },
  timestamp: '2019-12-08T00:13:38.104Z' }
{ level: 'info',
  message: 'express middleware',
  location: 'app.use',
  additionalData: { url: '/', method: 'POST' },
  timestamp: '2019-12-08T00:13:40.145Z' }
{ level: 'info',
  message: 'express middleware',
  location: 'app.use',
  additionalData: { url: '/', method: 'POST' },
  timestamp: '2019-12-08T00:13:42.025Z' }
{ level: 'info',
  message: 'cache miss',
  location: 'Edges.resolver',
  additionalData:
   { sort: [Object: null prototype] { startTime: 'ASC' },
     limit: 1,
     filter: {} },
  timestamp: '2019-12-08T00:13:42.027Z' }
{ level: 'info',
  message: 'cache miss',
  location: 'Edges.resolver',
  additionalData:
   { sort: [Object: null prototype] { startTime: 'DESC' },
     limit: 1,
     filter: {} },
  timestamp: '2019-12-08T00:13:42.028Z' }
{ level: 'info',
  message: 'express middleware',
  location: 'app.use',
  additionalData: { url: '/', method: 'POST' },
  timestamp: '2019-12-08T00:13:42.172Z' }
{ level: 'info',
  message: 'express middleware',
  location: 'app.use',
  additionalData: { url: '/', method: 'POST' },
  timestamp: '2019-12-08T00:13:44.194Z' }
{ level: 'info',
  message: 'express middleware',
  location: 'app.use',
  additionalData: { url: '/', method: 'POST' },
  timestamp: '2019-12-08T00:13:46.229Z' }
{ level: 'info',
  message: 'Master 2232 is running',
  location: 'init',
  timestamp: '2019-12-08T00:14:30.714Z' }
{ level: 'info',
  message: 'Master 17248 is running',
  location: 'init',
  timestamp: '2019-12-08T00:14:53.752Z' }
{ level: 'info',
  message:
   'Worker 15776 started GraphQL server at http://localhost:4001/',
  location: 'app.listen',
  timestamp: '2019-12-08T00:14:55.826Z' }
{ level: 'info',
  message: 'express middleware',
  location: 'app.use',
  additionalData: { url: '/', method: 'POST' },
  timestamp: '2019-12-08T00:14:59.862Z' }
{ level: 'info',
  message: 'cache miss',
  location: 'Edges.resolver',
  additionalData:
   { sort: [Object: null prototype] { startTime: 'ASC' },
     limit: 1,
     filter: {} },
  timestamp: '2019-12-08T00:14:59.925Z' }
{ level: 'info',
  message: 'cache miss',
  location: 'Edges.resolver',
  additionalData:
   { sort: [Object: null prototype] { startTime: 'DESC' },
     limit: 1,
     filter: {} },
  timestamp: '2019-12-08T00:15:00.000Z' }
{ level: 'info',
  message: 'express middleware',
  location: 'app.use',
  additionalData: { url: '/', method: 'POST' },
  timestamp: '2019-12-08T00:15:00.733Z' }
{ level: 'info',
  message: 'express middleware',
  location: 'app.use',
  additionalData: { url: '/', method: 'POST' },
  timestamp: '2019-12-08T00:15:02.803Z' }
{ level: 'info',
  message: 'express middleware',
  location: 'app.use',
  additionalData: { url: '/', method: 'POST' },
  timestamp: '2019-12-08T00:15:04.840Z' }
{ level: 'info',
  message: 'express middleware',
  location: 'app.use',
  additionalData: { url: '/', method: 'POST' },
  timestamp: '2019-12-08T00:15:06.884Z' }
{ level: 'info',
  message: 'express middleware',
  location: 'app.use',
  additionalData: { url: '/', method: 'POST' },
  timestamp: '2019-12-08T00:15:08.917Z' }
{ level: 'info',
  message: 'express middleware',
  location: 'app.use',
  additionalData: { url: '/', method: 'POST' },
  timestamp: '2019-12-08T00:15:10.954Z' }
{ level: 'info',
  message: 'express middleware',
  location: 'app.use',
  additionalData: { url: '/', method: 'POST' },
  timestamp: '2019-12-08T00:15:12.974Z' }
{ level: 'info',
  message: 'express middleware',
  location: 'app.use',
  additionalData: { url: '/', method: 'POST' },
  timestamp: '2019-12-08T00:15:14.996Z' }
{ level: 'info',
  message: 'express middleware',
  location: 'app.use',
  additionalData: { url: '/', method: 'POST' },
  timestamp: '2019-12-08T00:15:17.018Z' }
{ level: 'info',
  message: 'express middleware',
  location: 'app.use',
  additionalData: { url: '/', method: 'POST' },
  timestamp: '2019-12-08T00:15:19.044Z' }
{ level: 'info',
  message: 'express middleware',
  location: 'app.use',
  additionalData: { url: '/', method: 'POST' },
  timestamp: '2019-12-08T00:15:21.085Z' }
{ level: 'info',
  message: 'express middleware',
  location: 'app.use',
  additionalData: { url: '/', method: 'POST' },
  timestamp: '2019-12-08T00:15:23.106Z' }
{ level: 'info',
  message: 'express middleware',
  location: 'app.use',
  additionalData: { url: '/', method: 'POST' },
  timestamp: '2019-12-08T00:15:25.133Z' }
{ level: 'info',
  message: 'express middleware',
  location: 'app.use',
  additionalData: { url: '/', method: 'POST' },
  timestamp: '2019-12-08T00:15:27.159Z' }
{ level: 'info',
  message: 'express middleware',
  location: 'app.use',
  additionalData: { url: '/', method: 'POST' },
  timestamp: '2019-12-08T00:15:29.183Z' }
{ level: 'info',
  message: 'express middleware',
  location: 'app.use',
  additionalData: { url: '/', method: 'POST' },
  timestamp: '2019-12-08T00:15:31.207Z' }
{ level: 'info',
  message: 'express middleware',
  location: 'app.use',
  additionalData: { url: '/', method: 'POST' },
  timestamp: '2019-12-08T00:15:33.246Z' }
{ level: 'info',
  message: 'express middleware',
  location: 'app.use',
  additionalData: { url: '/', method: 'POST' },
  timestamp: '2019-12-08T00:15:35.270Z' }
{ level: 'info',
  message: 'express middleware',
  location: 'app.use',
  additionalData: { url: '/', method: 'POST' },
  timestamp: '2019-12-08T00:15:37.294Z' }
{ level: 'info',
  message: 'Master 4452 is running',
  location: 'init',
  timestamp: '2019-12-08T00:15:48.720Z' }
{ level: 'info',
  message:
   'Worker 15760 started GraphQL server at http://localhost:4001/',
  location: 'app.listen',
  timestamp: '2019-12-08T00:15:52.761Z' }
{ level: 'info',
  message: 'cache miss',
  location: 'Edges.resolver',
  additionalData:
   { sort: [Object: null prototype] { startTime: 'ASC' },
     limit: 1,
     filter: {} },
  timestamp: '2019-12-08T00:15:59.069Z' }
{ level: 'info',
  message: 'cache miss',
  location: 'Edges.resolver',
  additionalData:
   { sort: [Object: null prototype] { startTime: 'DESC' },
     limit: 1,
     filter: {} },
  timestamp: '2019-12-08T00:16:01.440Z' }
{ level: 'info',
  message: 'cache miss',
  location: 'Edges.resolver',
  additionalData:
   { sort: [Object: null prototype] { startTime: 'ASC' },
     limit: 1,
     filter: {} },
  timestamp: '2019-12-08T00:16:20.940Z' }
{ level: 'info',
  message: 'Master 2496 is running',
  location: 'init',
  timestamp: '2019-12-08T00:17:44.558Z' }
{ level: 'info',
  message:
   'Worker 17196 started GraphQL server at http://localhost:4001/',
  location: 'app.listen',
  timestamp: '2019-12-08T00:17:48.815Z' }
{ level: 'info',
  message: 'cache miss',
  location: 'Edges.resolver',
  additionalData:
   { sort: [Object: null prototype] { startTime: 'ASC' },
     limit: 1,
     filter: {} },
  timestamp: '2019-12-08T00:17:58.872Z' }
{ level: 'info',
  message: 'cache miss',
  location: 'Edges.resolver',
  additionalData:
   { sort: [Object: null prototype] { startTime: 'DESC' },
     limit: 1,
     filter: {} },
  timestamp: '2019-12-08T00:17:59.403Z' }
{ level: 'info',
  message: 'cache hit',
  location: 'Edges.resolver',
  additionalData:
   { sort: [Object: null prototype] { startTime: 'ASC' },
     limit: 1,
     filter: {} },
  timestamp: '2019-12-08T00:18:15.727Z' }
{ level: 'info',
  message: 'cache hit',
  location: 'Edges.resolver',
  additionalData:
   { sort: [Object: null prototype] { startTime: 'DESC' },
     limit: 1,
     filter: {} },
  timestamp: '2019-12-08T00:18:27.635Z' }
{ level: 'info',
  message: 'cache hit',
  location: 'Edges.resolver',
  additionalData:
   { sort: [Object: null prototype] { startTime: 'ASC' },
     limit: 1,
     filter: {} },
  timestamp: '2019-12-08T00:18:34.858Z' }
{ level: 'info',
  message: 'cache hit',
  location: 'Edges.resolver',
  additionalData:
   { sort: [Object: null prototype] { startTime: 'DESC' },
     limit: 1,
     filter: {} },
  timestamp: '2019-12-08T00:18:34.860Z' }
{ level: 'info',
  message: 'cache miss',
  location: 'Edges.resolver',
  additionalData:
   { sort: [Object: null prototype] { startTime: 'ASC' },
     limit: 10,
     filter: {} },
  timestamp: '2019-12-08T00:18:59.922Z' }
{ level: 'info',
  message: 'cache miss',
  location: 'Edges.resolver',
  additionalData:
   { sort: [Object: null prototype] { startTime: 'DESC' },
     limit: 10,
     filter: {} },
  timestamp: '2019-12-08T00:18:59.925Z' }
{ level: 'info',
  message: 'cache hit',
  location: 'Edges.resolver',
  additionalData:
   { sort: [Object: null prototype] { startTime: 'ASC' },
     limit: 10,
     filter: {} },
  timestamp: '2019-12-08T00:19:19.591Z' }
{ level: 'info',
  message: 'cache hit',
  location: 'Edges.resolver',
  additionalData:
   { sort: [Object: null prototype] { startTime: 'DESC' },
     limit: 10,
     filter: {} },
  timestamp: '2019-12-08T00:19:19.593Z' }
{ level: 'info',
  message: 'Master 16804 is running',
  location: 'init',
  timestamp: '2019-12-08T00:25:11.824Z' }
{ level: 'info',
  message:
   'Worker 2440 started GraphQL server at http://localhost:4001/',
  location: 'app.listen',
  timestamp: '2019-12-08T00:25:20.100Z' }
{ level: 'info',
  message:
   'Worker 15640 started GraphQL server at http://localhost:4001/',
  location: 'app.listen',
  timestamp: '2019-12-08T00:25:20.232Z' }
{ level: 'info',
  message:
   'Worker 7188 started GraphQL server at http://localhost:4001/',
  location: 'app.listen',
  timestamp: '2019-12-08T00:25:20.239Z' }
{ level: 'info',
  message:
   'Worker 16076 started GraphQL server at http://localhost:4001/',
  location: 'app.listen',
  timestamp: '2019-12-08T00:25:20.486Z' }
{ level: 'info',
  message:
   'Worker 17116 started GraphQL server at http://localhost:4001/',
  location: 'app.listen',
  timestamp: '2019-12-08T00:25:20.516Z' }
{ level: 'info',
  message:
   'Worker 17300 started GraphQL server at http://localhost:4001/',
  location: 'app.listen',
  timestamp: '2019-12-08T00:25:20.567Z' }
{ level: 'info',
  message:
   'Worker 5432 started GraphQL server at http://localhost:4001/',
  location: 'app.listen',
  timestamp: '2019-12-08T00:25:20.578Z' }
{ level: 'info',
  message:
   'Worker 3436 started GraphQL server at http://localhost:4001/',
  location: 'app.listen',
  timestamp: '2019-12-08T00:25:20.620Z' }
{ level: 'info',
  message: 'cache miss',
  location: 'Edges.resolver',
  additionalData:
   { sort: [Object: null prototype] { startTime: 'ASC' },
     limit: 10,
     filter: {} },
  timestamp: '2019-12-08T00:25:37.374Z' }
{ level: 'info',
  message: 'cache miss',
  location: 'Edges.resolver',
  additionalData:
   { sort: [Object: null prototype] { startTime: 'DESC' },
     limit: 10,
     filter: {} },
  timestamp: '2019-12-08T00:25:37.461Z' }
{ level: 'info',
  message: 'cache hit',
  location: 'Edges.resolver',
  additionalData:
   { sort: [Object: null prototype] { startTime: 'ASC' },
     limit: 10,
     filter: {} },
  timestamp: '2019-12-08T00:25:53.462Z' }
{ level: 'info',
  message: 'cache hit',
  location: 'Edges.resolver',
  additionalData:
   { sort: [Object: null prototype] { startTime: 'DESC' },
     limit: 10,
     filter: {} },
  timestamp: '2019-12-08T00:25:53.465Z' }
{ level: 'info',
  message: 'cache hit',
  location: 'Edges.resolver',
  additionalData:
   { sort: [Object: null prototype] { startTime: 'ASC' },
     limit: 10,
     filter: {} },
  timestamp: '2019-12-08T00:25:54.593Z' }
{ level: 'info',
  message: 'cache hit',
  location: 'Edges.resolver',
  additionalData:
   { sort: [Object: null prototype] { startTime: 'DESC' },
     limit: 10,
     filter: {} },
  timestamp: '2019-12-08T00:25:54.596Z' }
{ level: 'info',
  message: 'cache hit',
  location: 'Edges.resolver',
  additionalData:
   { sort: [Object: null prototype] { startTime: 'ASC' },
     limit: 10,
     filter: {} },
  timestamp: '2019-12-08T00:25:55.945Z' }
{ level: 'info',
  message: 'cache hit',
  location: 'Edges.resolver',
  additionalData:
   { sort: [Object: null prototype] { startTime: 'DESC' },
     limit: 10,
     filter: {} },
  timestamp: '2019-12-08T00:25:55.947Z' }
{ level: 'info',
  message: 'cache hit',
  location: 'Edges.resolver',
  additionalData:
   { sort: [Object: null prototype] { startTime: 'ASC' },
     limit: 10,
     filter: {} },
  timestamp: '2019-12-08T00:25:56.517Z' }
{ level: 'info',
  message: 'cache hit',
  location: 'Edges.resolver',
  additionalData:
   { sort: [Object: null prototype] { startTime: 'DESC' },
     limit: 10,
     filter: {} },
  timestamp: '2019-12-08T00:25:56.519Z' }
{ level: 'info',
  message: 'cache hit',
  location: 'Edges.resolver',
  additionalData:
   { sort: [Object: null prototype] { startTime: 'ASC' },
     limit: 10,
     filter: {} },
  timestamp: '2019-12-08T00:25:56.965Z' }
{ level: 'info',
  message: 'cache hit',
  location: 'Edges.resolver',
  additionalData:
   { sort: [Object: null prototype] { startTime: 'DESC' },
     limit: 10,
     filter: {} },
  timestamp: '2019-12-08T00:25:56.967Z' }
{ level: 'info',
  message: 'cache hit',
  location: 'Edges.resolver',
  additionalData:
   { sort: [Object: null prototype] { startTime: 'ASC' },
     limit: 10,
     filter: {} },
  timestamp: '2019-12-08T00:25:57.414Z' }
{ level: 'info',
  message: 'cache hit',
  location: 'Edges.resolver',
  additionalData:
   { sort: [Object: null prototype] { startTime: 'DESC' },
     limit: 10,
     filter: {} },
  timestamp: '2019-12-08T00:25:57.416Z' }
{ level: 'info',
  message: 'cache hit',
  location: 'Edges.resolver',
  additionalData:
   { sort: [Object: null prototype] { startTime: 'ASC' },
     limit: 10,
     filter: {} },
  timestamp: '2019-12-08T00:25:57.860Z' }
{ level: 'info',
  message: 'cache hit',
  location: 'Edges.resolver',
  additionalData:
   { sort: [Object: null prototype] { startTime: 'DESC' },
     limit: 10,
     filter: {} },
  timestamp: '2019-12-08T00:25:57.863Z' }
{ level: 'info',
  message: 'cache hit',
  location: 'Edges.resolver',
  additionalData:
   { sort: [Object: null prototype] { startTime: 'ASC' },
     limit: 10,
     filter: {} },
  timestamp: '2019-12-08T00:25:58.253Z' }
{ level: 'info',
  message: 'cache hit',
  location: 'Edges.resolver',
  additionalData:
   { sort: [Object: null prototype] { startTime: 'DESC' },
     limit: 10,
     filter: {} },
  timestamp: '2019-12-08T00:25:58.255Z' }
{ level: 'info',
  message: 'cache hit',
  location: 'Edges.resolver',
  additionalData:
   { sort: [Object: null prototype] { startTime: 'ASC' },
     limit: 10,
     filter: {} },
  timestamp: '2019-12-08T00:25:58.422Z' }
{ level: 'info',
  message: 'cache hit',
  location: 'Edges.resolver',
  additionalData:
   { sort: [Object: null prototype] { startTime: 'DESC' },
     limit: 10,
     filter: {} },
  timestamp: '2019-12-08T00:25:58.424Z' }
{ level: 'info',
  message: 'cache hit',
  location: 'Edges.resolver',
  additionalData:
   { sort: [Object: null prototype] { startTime: 'ASC' },
     limit: 10,
     filter: {} },
  timestamp: '2019-12-08T00:25:58.593Z' }
{ level: 'info',
  message: 'cache hit',
  location: 'Edges.resolver',
  additionalData:
   { sort: [Object: null prototype] { startTime: 'DESC' },
     limit: 10,
     filter: {} },
  timestamp: '2019-12-08T00:25:58.594Z' }
{ level: 'info',
  message: 'cache hit',
  location: 'Edges.resolver',
  additionalData:
   { sort: [Object: null prototype] { startTime: 'ASC' },
     limit: 10,
     filter: {} },
  timestamp: '2019-12-08T00:25:58.748Z' }
{ level: 'info',
  message: 'cache hit',
  location: 'Edges.resolver',
  additionalData:
   { sort: [Object: null prototype] { startTime: 'DESC' },
     limit: 10,
     filter: {} },
  timestamp: '2019-12-08T00:25:58.750Z' }
{ level: 'info',
  message: 'cache hit',
  location: 'Edges.resolver',
  additionalData:
   { sort: [Object: null prototype] { startTime: 'ASC' },
     limit: 10,
     filter: {} },
  timestamp: '2019-12-08T00:25:58.989Z' }
{ level: 'info',
  message: 'cache hit',
  location: 'Edges.resolver',
  additionalData:
   { sort: [Object: null prototype] { startTime: 'DESC' },
     limit: 10,
     filter: {} },
  timestamp: '2019-12-08T00:25:58.991Z' }
{ level: 'info',
  message: 'cache hit',
  location: 'Edges.resolver',
  additionalData:
   { sort: [Object: null prototype] { startTime: 'ASC' },
     limit: 10,
     filter: {} },
  timestamp: '2019-12-08T00:25:59.153Z' }
{ level: 'info',
  message: 'cache hit',
  location: 'Edges.resolver',
  additionalData:
   { sort: [Object: null prototype] { startTime: 'DESC' },
     limit: 10,
     filter: {} },
  timestamp: '2019-12-08T00:25:59.154Z' }
{ level: 'info',
  message: 'cache hit',
  location: 'Edges.resolver',
  additionalData:
   { sort: [Object: null prototype] { startTime: 'ASC' },
     limit: 10,
     filter: {} },
  timestamp: '2019-12-08T00:25:59.313Z' }
{ level: 'info',
  message: 'cache hit',
  location: 'Edges.resolver',
  additionalData:
   { sort: [Object: null prototype] { startTime: 'DESC' },
     limit: 10,
     filter: {} },
  timestamp: '2019-12-08T00:25:59.318Z' }
{ level: 'info',
  message: 'cache hit',
  location: 'Edges.resolver',
  additionalData:
   { sort: [Object: null prototype] { startTime: 'ASC' },
     limit: 10,
     filter: {} },
  timestamp: '2019-12-08T00:25:59.679Z' }
{ level: 'info',
  message: 'cache hit',
  location: 'Edges.resolver',
  additionalData:
   { sort: [Object: null prototype] { startTime: 'DESC' },
     limit: 10,
     filter: {} },
  timestamp: '2019-12-08T00:25:59.681Z' }
{ level: 'info',
  message: 'cache hit',
  location: 'Edges.resolver',
  additionalData:
   { sort: [Object: null prototype] { startTime: 'ASC' },
     limit: 10,
     filter: {} },
  timestamp: '2019-12-08T00:26:02.068Z' }
{ level: 'info',
  message: 'cache miss',
  location: 'Edges.resolver',
  additionalData:
   { sort: [Object: null prototype] { startTime: 'DESC' },
     limit: 100,
     filter: {} },
  timestamp: '2019-12-08T00:26:02.069Z' }
{ level: 'info',
  message: 'cache hit',
  location: 'Edges.resolver',
  additionalData:
   { sort: [Object: null prototype] { startTime: 'ASC' },
     limit: 10,
     filter: {} },
  timestamp: '2019-12-08T00:26:10.720Z' }
{ level: 'info',
  message: 'cache hit',
  location: 'Edges.resolver',
  additionalData:
   { sort: [Object: null prototype] { startTime: 'DESC' },
     limit: 100,
     filter: {} },
  timestamp: '2019-12-08T00:26:10.722Z' }
{ level: 'info',
  message: 'cache hit',
  location: 'Edges.resolver',
  additionalData:
   { sort: [Object: null prototype] { startTime: 'ASC' },
     limit: 10,
     filter: {} },
  timestamp: '2019-12-08T00:26:11.542Z' }
{ level: 'info',
  message: 'cache hit',
  location: 'Edges.resolver',
  additionalData:
   { sort: [Object: null prototype] { startTime: 'DESC' },
     limit: 100,
     filter: {} },
  timestamp: '2019-12-08T00:26:11.545Z' }
{ level: 'info',
  message: 'Master 16424 is running',
  location: 'init',
  timestamp: '2019-12-08T00:28:27.127Z' }
{ level: 'info',
  message:
   'Worker 16124 started GraphQL server at http://localhost:4001/',
  location: 'app.listen',
  timestamp: '2019-12-08T00:28:34.929Z' }
{ level: 'info',
  message:
   'Worker 17172 started GraphQL server at http://localhost:4001/',
  location: 'app.listen',
  timestamp: '2019-12-08T00:28:34.949Z' }
{ level: 'info',
  message:
   'Worker 16312 started GraphQL server at http://localhost:4001/',
  location: 'app.listen',
  timestamp: '2019-12-08T00:28:34.953Z' }
{ level: 'info',
  message:
   'Worker 16876 started GraphQL server at http://localhost:4001/',
  location: 'app.listen',
  timestamp: '2019-12-08T00:28:34.982Z' }
{ level: 'info',
  message:
   'Worker 11556 started GraphQL server at http://localhost:4001/',
  location: 'app.listen',
  timestamp: '2019-12-08T00:28:34.996Z' }
{ level: 'info',
  message:
   'Worker 2232 started GraphQL server at http://localhost:4001/',
  location: 'app.listen',
  timestamp: '2019-12-08T00:28:34.997Z' }
{ level: 'info',
  message:
   'Worker 6924 started GraphQL server at http://localhost:4001/',
  location: 'app.listen',
  timestamp: '2019-12-08T00:28:35.048Z' }
{ level: 'info',
  message: 'Master 17352 is running',
  location: 'init',
  timestamp: '2019-12-08T00:35:45.907Z' }
{ level: 'info',
  message:
   'Worker 15616 started GraphQL server at http://localhost:4001/',
  location: 'app.listen',
  timestamp: '2019-12-08T00:35:52.989Z' }
{ level: 'info',
  message:
   'Worker 16824 started GraphQL server at http://localhost:4001/',
  location: 'app.listen',
  timestamp: '2019-12-08T00:35:53.028Z' }
{ level: 'info',
  message:
   'Worker 12564 started GraphQL server at http://localhost:4001/',
  location: 'app.listen',
  timestamp: '2019-12-08T00:35:53.048Z' }
{ level: 'info',
  message:
   'Worker 8656 started GraphQL server at http://localhost:4001/',
  location: 'app.listen',
  timestamp: '2019-12-08T00:35:53.080Z' }
{ level: 'info',
  message:
   'Worker 14580 started GraphQL server at http://localhost:4001/',
  location: 'app.listen',
  timestamp: '2019-12-08T00:35:53.132Z' }
{ level: 'info',
  message:
   'Worker 16560 started GraphQL server at http://localhost:4001/',
  location: 'app.listen',
  timestamp: '2019-12-08T00:35:53.142Z' }
{ level: 'info',
  message:
   'Worker 16664 started GraphQL server at http://localhost:4001/',
  location: 'app.listen',
  timestamp: '2019-12-08T00:35:53.171Z' }
{ level: 'info',
  message: 'cache miss',
  location: 'Edges.resolver',
  additionalData:
   { sort: [Object: null prototype] { startTime: 'ASC' },
     limit: 10,
     filter: {} },
  timestamp: '2019-12-08T00:36:05.270Z' }
{ level: 'info',
  message: 'cache miss',
  location: 'Edges.resolver',
  additionalData:
   { sort: [Object: null prototype] { startTime: 'DESC' },
     limit: 100,
     filter: {} },
  timestamp: '2019-12-08T00:36:05.353Z' }
{ level: 'info',
  message: 'cache hit',
  location: 'Edges.resolver',
  additionalData:
   { sort: [Object: null prototype] { startTime: 'ASC' },
     limit: 10,
     filter: {} },
  timestamp: '2019-12-08T00:36:23.775Z' }
{ level: 'info',
  message: 'cache hit',
  location: 'Edges.resolver',
  additionalData:
   { sort: [Object: null prototype] { startTime: 'DESC' },
     limit: 100,
     filter: {} },
  timestamp: '2019-12-08T00:36:23.781Z' }
{ level: 'info',
  message: 'cache hit',
  location: 'Edges.resolver',
  additionalData:
   { sort: [Object: null prototype] { startTime: 'ASC' },
     limit: 10,
     filter: {} },
  timestamp: '2019-12-08T00:36:25.204Z' }
{ level: 'info',
  message: 'cache hit',
  location: 'Edges.resolver',
  additionalData:
   { sort: [Object: null prototype] { startTime: 'DESC' },
     limit: 100,
     filter: {} },
  timestamp: '2019-12-08T00:36:25.206Z' }
{ level: 'info',
  message: 'cache hit',
  location: 'Edges.resolver',
  additionalData:
   { sort: [Object: null prototype] { startTime: 'ASC' },
     limit: 10,
     filter: {} },
  timestamp: '2019-12-08T00:36:25.784Z' }
{ level: 'info',
  message: 'cache hit',
  location: 'Edges.resolver',
  additionalData:
   { sort: [Object: null prototype] { startTime: 'DESC' },
     limit: 100,
     filter: {} },
  timestamp: '2019-12-08T00:36:25.786Z' }
{ level: 'info',
  message: 'cache hit',
  location: 'Edges.resolver',
  additionalData:
   { sort: [Object: null prototype] { startTime: 'ASC' },
     limit: 10,
     filter: {} },
  timestamp: '2019-12-08T00:36:26.240Z' }
{ level: 'info',
  message: 'cache hit',
  location: 'Edges.resolver',
  additionalData:
   { sort: [Object: null prototype] { startTime: 'DESC' },
     limit: 100,
     filter: {} },
  timestamp: '2019-12-08T00:36:26.242Z' }
{ level: 'info',
  message: 'cache hit',
  location: 'Edges.resolver',
  additionalData:
   { sort: [Object: null prototype] { startTime: 'ASC' },
     limit: 10,
     filter: {} },
  timestamp: '2019-12-08T00:36:26.584Z' }
{ level: 'info',
  message: 'cache hit',
  location: 'Edges.resolver',
  additionalData:
   { sort: [Object: null prototype] { startTime: 'DESC' },
     limit: 100,
     filter: {} },
  timestamp: '2019-12-08T00:36:26.587Z' }
{ level: 'info',
  message: 'cache hit',
  location: 'Edges.resolver',
  additionalData:
   { sort: [Object: null prototype] { startTime: 'ASC' },
     limit: 10,
     filter: {} },
  timestamp: '2019-12-08T00:36:26.729Z' }
{ level: 'info',
  message: 'cache hit',
  location: 'Edges.resolver',
  additionalData:
   { sort: [Object: null prototype] { startTime: 'DESC' },
     limit: 100,
     filter: {} },
  timestamp: '2019-12-08T00:36:26.731Z' }
{ level: 'info',
  message: 'cache hit',
  location: 'Edges.resolver',
  additionalData:
   { sort: [Object: null prototype] { startTime: 'ASC' },
     limit: 10,
     filter: {} },
  timestamp: '2019-12-08T00:36:26.860Z' }
{ level: 'info',
  message: 'cache hit',
  location: 'Edges.resolver',
  additionalData:
   { sort: [Object: null prototype] { startTime: 'DESC' },
     limit: 100,
     filter: {} },
  timestamp: '2019-12-08T00:36:26.862Z' }
{ level: 'info',
  message: 'cache hit',
  location: 'Edges.resolver',
  additionalData:
   { sort: [Object: null prototype] { startTime: 'ASC' },
     limit: 10,
     filter: {} },
  timestamp: '2019-12-08T00:36:26.988Z' }
{ level: 'info',
  message: 'cache hit',
  location: 'Edges.resolver',
  additionalData:
   { sort: [Object: null prototype] { startTime: 'DESC' },
     limit: 100,
     filter: {} },
  timestamp: '2019-12-08T00:36:26.990Z' }
{ level: 'info',
  message: 'cache hit',
  location: 'Edges.resolver',
  additionalData:
   { sort: [Object: null prototype] { startTime: 'ASC' },
     limit: 10,
     filter: {} },
  timestamp: '2019-12-08T00:36:27.124Z' }
{ level: 'info',
  message: 'cache hit',
  location: 'Edges.resolver',
  additionalData:
   { sort: [Object: null prototype] { startTime: 'DESC' },
     limit: 100,
     filter: {} },
  timestamp: '2019-12-08T00:36:27.126Z' }
{ level: 'info',
  message: 'cache hit',
  location: 'Edges.resolver',
  additionalData:
   { sort: [Object: null prototype] { startTime: 'ASC' },
     limit: 10,
     filter: {} },
  timestamp: '2019-12-08T00:36:27.283Z' }
{ level: 'info',
  message: 'cache hit',
  location: 'Edges.resolver',
  additionalData:
   { sort: [Object: null prototype] { startTime: 'DESC' },
     limit: 100,
     filter: {} },
  timestamp: '2019-12-08T00:36:27.286Z' }
{ level: 'info',
  message: 'cache hit',
  location: 'Edges.resolver',
  additionalData:
   { sort: [Object: null prototype] { startTime: 'ASC' },
     limit: 10,
     filter: {} },
  timestamp: '2019-12-08T00:36:27.444Z' }
{ level: 'info',
  message: 'cache hit',
  location: 'Edges.resolver',
  additionalData:
   { sort: [Object: null prototype] { startTime: 'DESC' },
     limit: 100,
     filter: {} },
  timestamp: '2019-12-08T00:36:27.448Z' }
{ level: 'info',
  message: 'cache hit',
  location: 'Edges.resolver',
  additionalData:
   { sort: [Object: null prototype] { startTime: 'ASC' },
     limit: 10,
     filter: {} },
  timestamp: '2019-12-08T00:36:27.588Z' }
{ level: 'info',
  message: 'cache hit',
  location: 'Edges.resolver',
  additionalData:
   { sort: [Object: null prototype] { startTime: 'DESC' },
     limit: 100,
     filter: {} },
  timestamp: '2019-12-08T00:36:27.590Z' }
{ level: 'info',
  message: 'cache hit',
  location: 'Edges.resolver',
  additionalData:
   { sort: [Object: null prototype] { startTime: 'ASC' },
     limit: 10,
     filter: {} },
  timestamp: '2019-12-08T00:36:27.715Z' }
{ level: 'info',
  message: 'cache hit',
  location: 'Edges.resolver',
  additionalData:
   { sort: [Object: null prototype] { startTime: 'DESC' },
     limit: 100,
     filter: {} },
  timestamp: '2019-12-08T00:36:27.717Z' }
{ level: 'info',
  message: 'cache hit',
  location: 'Edges.resolver',
  additionalData:
   { sort: [Object: null prototype] { startTime: 'ASC' },
     limit: 10,
     filter: {} },
  timestamp: '2019-12-08T00:38:16.999Z' }
{ level: 'info',
  message: 'cache hit',
  location: 'Edges.resolver',
  additionalData:
   { sort: [Object: null prototype] { startTime: 'DESC' },
     limit: 100,
     filter: {} },
  timestamp: '2019-12-08T00:38:17.004Z' }
{ level: 'info',
  message: 'Master 16840 is running',
  location: 'init',
  timestamp: '2019-12-08T01:25:16.489Z' }
{ level: 'info',
  message:
   'Worker 11548 started GraphQL server at http://localhost:4001/',
  location: 'app.listen',
  timestamp: '2019-12-08T01:25:23.878Z' }
{ level: 'info',
  message:
   'Worker 17256 started GraphQL server at http://localhost:4001/',
  location: 'app.listen',
  timestamp: '2019-12-08T01:25:24.038Z' }
{ level: 'info',
  message:
   'Worker 16856 started GraphQL server at http://localhost:4001/',
  location: 'app.listen',
  timestamp: '2019-12-08T01:25:24.046Z' }
{ level: 'info',
  message:
   'Worker 11956 started GraphQL server at http://localhost:4001/',
  location: 'app.listen',
  timestamp: '2019-12-08T01:25:24.083Z' }
{ level: 'info',
  message:
   'Worker 7548 started GraphQL server at http://localhost:4001/',
  location: 'app.listen',
  timestamp: '2019-12-08T01:25:24.570Z' }
{ level: 'info',
  message:
   'Worker 14108 started GraphQL server at http://localhost:4001/',
  location: 'app.listen',
  timestamp: '2019-12-08T01:25:24.637Z' }
{ level: 'info',
  message: 'cache miss',
  location: 'Edges.resolver',
  additionalData:
   { sort: [Object: null prototype] { startTime: 'ASC' },
     limit: 10,
     filter: {} },
  timestamp: '2019-12-08T01:25:29.660Z' }
{ level: 'info',
  message: 'cache miss',
  location: 'Edges.resolver',
  additionalData:
   { sort: [Object: null prototype] { startTime: 'DESC' },
     limit: 100,
     filter: {} },
  timestamp: '2019-12-08T01:25:29.757Z' }
{ level: 'info',
  message: 'cache hit',
  location: 'Edges.resolver',
  additionalData:
   { sort: [Object: null prototype] { startTime: 'ASC' },
     limit: 10,
     filter: {} },
  timestamp: '2019-12-08T01:25:38.548Z' }
{ level: 'info',
  message: 'cache hit',
  location: 'Edges.resolver',
  additionalData:
   { sort: [Object: null prototype] { startTime: 'DESC' },
     limit: 100,
     filter: {} },
  timestamp: '2019-12-08T01:25:38.553Z' }
{ level: 'info',
  message: 'cache hit',
  location: 'Edges.resolver',
  additionalData:
   { sort: [Object: null prototype] { startTime: 'ASC' },
     limit: 10,
     filter: {} },
  timestamp: '2019-12-08T01:25:39.867Z' }
{ level: 'info',
  message: 'cache hit',
  location: 'Edges.resolver',
  additionalData:
   { sort: [Object: null prototype] { startTime: 'DESC' },
     limit: 100,
     filter: {} },
  timestamp: '2019-12-08T01:25:39.869Z' }
{ level: 'info',
  message: 'cache hit',
  location: 'Edges.resolver',
  additionalData:
   { sort: [Object: null prototype] { startTime: 'ASC' },
     limit: 10,
     filter: {} },
  timestamp: '2019-12-08T01:25:40.494Z' }
{ level: 'info',
  message: 'cache hit',
  location: 'Edges.resolver',
  additionalData:
   { sort: [Object: null prototype] { startTime: 'DESC' },
     limit: 100,
     filter: {} },
  timestamp: '2019-12-08T01:25:40.496Z' }
{ level: 'info',
  message: 'cache hit',
  location: 'Edges.resolver',
  additionalData:
   { sort: [Object: null prototype] { startTime: 'ASC' },
     limit: 10,
     filter: {} },
  timestamp: '2019-12-08T01:25:41.091Z' }
{ level: 'info',
  message: 'cache hit',
  location: 'Edges.resolver',
  additionalData:
   { sort: [Object: null prototype] { startTime: 'DESC' },
     limit: 100,
     filter: {} },
  timestamp: '2019-12-08T01:25:41.093Z' }
{ level: 'info',
  message: 'cache hit',
  location: 'Edges.resolver',
  additionalData:
   { sort: [Object: null prototype] { startTime: 'ASC' },
     limit: 10,
     filter: {} },
  timestamp: '2019-12-08T01:25:41.251Z' }
{ level: 'info',
  message: 'cache hit',
  location: 'Edges.resolver',
  additionalData:
   { sort: [Object: null prototype] { startTime: 'DESC' },
     limit: 100,
     filter: {} },
  timestamp: '2019-12-08T01:25:41.255Z' }
{ level: 'info',
  message: 'cache hit',
  location: 'Edges.resolver',
  additionalData:
   { sort: [Object: null prototype] { startTime: 'ASC' },
     limit: 10,
     filter: {} },
  timestamp: '2019-12-08T01:25:41.637Z' }
{ level: 'info',
  message: 'cache hit',
  location: 'Edges.resolver',
  additionalData:
   { sort: [Object: null prototype] { startTime: 'DESC' },
     limit: 100,
     filter: {} },
  timestamp: '2019-12-08T01:25:41.639Z' }
{ level: 'info',
  message: 'cache hit',
  location: 'Edges.resolver',
  additionalData:
   { sort: [Object: null prototype] { startTime: 'ASC' },
     limit: 10,
     filter: {} },
  timestamp: '2019-12-08T01:25:42.045Z' }
{ level: 'info',
  message: 'cache hit',
  location: 'Edges.resolver',
  additionalData:
   { sort: [Object: null prototype] { startTime: 'DESC' },
     limit: 100,
     filter: {} },
  timestamp: '2019-12-08T01:25:42.047Z' }
{ level: 'info',
  message: 'cache hit',
  location: 'Edges.resolver',
  additionalData:
   { sort: [Object: null prototype] { startTime: 'ASC' },
     limit: 10,
     filter: {} },
  timestamp: '2019-12-08T01:25:42.209Z' }
{ level: 'info',
  message: 'cache hit',
  location: 'Edges.resolver',
  additionalData:
   { sort: [Object: null prototype] { startTime: 'DESC' },
     limit: 100,
     filter: {} },
  timestamp: '2019-12-08T01:25:42.211Z' }
{ level: 'info',
  message: 'cache hit',
  location: 'Edges.resolver',
  additionalData:
   { sort: [Object: null prototype] { startTime: 'ASC' },
     limit: 10,
     filter: {} },
  timestamp: '2019-12-08T01:25:42.353Z' }
{ level: 'info',
  message: 'cache hit',
  location: 'Edges.resolver',
  additionalData:
   { sort: [Object: null prototype] { startTime: 'DESC' },
     limit: 100,
     filter: {} },
  timestamp: '2019-12-08T01:25:42.356Z' }
{ level: 'info',
  message: 'cache hit',
  location: 'Edges.resolver',
  additionalData:
   { sort: [Object: null prototype] { startTime: 'ASC' },
     limit: 10,
     filter: {} },
  timestamp: '2019-12-08T01:25:42.505Z' }
{ level: 'info',
  message: 'cache hit',
  location: 'Edges.resolver',
  additionalData:
   { sort: [Object: null prototype] { startTime: 'DESC' },
     limit: 100,
     filter: {} },
  timestamp: '2019-12-08T01:25:42.507Z' }
{ level: 'info',
  message: 'cache hit',
  location: 'Edges.resolver',
  additionalData:
   { sort: [Object: null prototype] { startTime: 'ASC' },
     limit: 10,
     filter: {} },
  timestamp: '2019-12-08T01:25:42.873Z' }
{ level: 'info',
  message: 'cache hit',
  location: 'Edges.resolver',
  additionalData:
   { sort: [Object: null prototype] { startTime: 'DESC' },
     limit: 100,
     filter: {} },
  timestamp: '2019-12-08T01:25:42.876Z' }
{ level: 'info',
  message: 'cache hit',
  location: 'Edges.resolver',
  additionalData:
   { sort: [Object: null prototype] { startTime: 'ASC' },
     limit: 10,
     filter: {} },
  timestamp: '2019-12-08T01:25:43.022Z' }
{ level: 'info',
  message: 'cache hit',
  location: 'Edges.resolver',
  additionalData:
   { sort: [Object: null prototype] { startTime: 'DESC' },
     limit: 100,
     filter: {} },
  timestamp: '2019-12-08T01:25:43.024Z' }
{ level: 'info',
  message: 'cache hit',
  location: 'Edges.resolver',
  additionalData:
   { sort: [Object: null prototype] { startTime: 'ASC' },
     limit: 10,
     filter: {} },
  timestamp: '2019-12-08T01:25:43.755Z' }
{ level: 'info',
  message: 'cache hit',
  location: 'Edges.resolver',
  additionalData:
   { sort: [Object: null prototype] { startTime: 'DESC' },
     limit: 100,
     filter: {} },
  timestamp: '2019-12-08T01:25:43.757Z' }
{ level: 'info',
  message: 'cache hit',
  location: 'Edges.resolver',
  additionalData:
   { sort: [Object: null prototype] { startTime: 'ASC' },
     limit: 10,
     filter: {} },
  timestamp: '2019-12-08T01:25:43.932Z' }
{ level: 'info',
  message: 'cache hit',
  location: 'Edges.resolver',
  additionalData:
   { sort: [Object: null prototype] { startTime: 'DESC' },
     limit: 100,
     filter: {} },
  timestamp: '2019-12-08T01:25:43.934Z' }
{ level: 'info',
  message: 'cache hit',
  location: 'Edges.resolver',
  additionalData:
   { sort: [Object: null prototype] { startTime: 'ASC' },
     limit: 10,
     filter: {} },
  timestamp: '2019-12-08T01:25:44.105Z' }
{ level: 'info',
  message: 'cache hit',
  location: 'Edges.resolver',
  additionalData:
   { sort: [Object: null prototype] { startTime: 'DESC' },
     limit: 100,
     filter: {} },
  timestamp: '2019-12-08T01:25:44.107Z' }
{ level: 'info',
  message: 'cache hit',
  location: 'Edges.resolver',
  additionalData:
   { sort: [Object: null prototype] { startTime: 'ASC' },
     limit: 10,
     filter: {} },
  timestamp: '2019-12-08T01:25:44.249Z' }
{ level: 'info',
  message: 'cache hit',
  location: 'Edges.resolver',
  additionalData:
   { sort: [Object: null prototype] { startTime: 'DESC' },
     limit: 100,
     filter: {} },
  timestamp: '2019-12-08T01:25:44.251Z' }
{ level: 'info',
  message: 'cache hit',
  location: 'Edges.resolver',
  additionalData:
   { sort: [Object: null prototype] { startTime: 'ASC' },
     limit: 10,
     filter: {} },
  timestamp: '2019-12-08T01:25:44.445Z' }
{ level: 'info',
  message: 'cache hit',
  location: 'Edges.resolver',
  additionalData:
   { sort: [Object: null prototype] { startTime: 'DESC' },
     limit: 100,
     filter: {} },
  timestamp: '2019-12-08T01:25:44.447Z' }
{ level: 'info',
  message: 'cache hit',
  location: 'Edges.resolver',
  additionalData:
   { sort: [Object: null prototype] { startTime: 'ASC' },
     limit: 10,
     filter: {} },
  timestamp: '2019-12-08T01:25:44.593Z' }
{ level: 'info',
  message: 'cache hit',
  location: 'Edges.resolver',
  additionalData:
   { sort: [Object: null prototype] { startTime: 'DESC' },
     limit: 100,
     filter: {} },
  timestamp: '2019-12-08T01:25:44.595Z' }
{ level: 'info',
  message: 'cache hit',
  location: 'Edges.resolver',
  additionalData:
   { sort: [Object: null prototype] { startTime: 'ASC' },
     limit: 10,
     filter: {} },
  timestamp: '2019-12-08T01:25:44.757Z' }
{ level: 'info',
  message: 'cache hit',
  location: 'Edges.resolver',
  additionalData:
   { sort: [Object: null prototype] { startTime: 'DESC' },
     limit: 100,
     filter: {} },
  timestamp: '2019-12-08T01:25:44.759Z' }
{ level: 'info',
  message: 'cache hit',
  location: 'Edges.resolver',
  additionalData:
   { sort: [Object: null prototype] { startTime: 'ASC' },
     limit: 10,
     filter: {} },
  timestamp: '2019-12-08T01:25:45.088Z' }
{ level: 'info',
  message: 'cache hit',
  location: 'Edges.resolver',
  additionalData:
   { sort: [Object: null prototype] { startTime: 'DESC' },
     limit: 100,
     filter: {} },
  timestamp: '2019-12-08T01:25:45.095Z' }
{ level: 'info',
  message: 'cache hit',
  location: 'Edges.resolver',
  additionalData:
   { sort: [Object: null prototype] { startTime: 'ASC' },
     limit: 10,
     filter: {} },
  timestamp: '2019-12-08T01:26:21.996Z' }
{ level: 'info',
  message: 'cache hit',
  location: 'Edges.resolver',
  additionalData:
   { sort: [Object: null prototype] { startTime: 'DESC' },
     limit: 100,
     filter: {} },
  timestamp: '2019-12-08T01:26:21.999Z' }
{ level: 'info',
  message: 'cache hit',
  location: 'Edges.resolver',
  additionalData:
   { sort: [Object: null prototype] { startTime: 'ASC' },
     limit: 10,
     filter: {} },
  timestamp: '2019-12-08T01:26:22.745Z' }
{ level: 'info',
  message: 'cache hit',
  location: 'Edges.resolver',
  additionalData:
   { sort: [Object: null prototype] { startTime: 'DESC' },
     limit: 100,
     filter: {} },
  timestamp: '2019-12-08T01:26:22.751Z' }
